<?xml version="1.0" encoding="UTF-8"?>
<!-- Generated by org.testng.reporters.JUnitXMLReporter -->
<testsuite ignored="0" hostname="MAG" failures="0" tests="6" name="Mytest" time="23.446" errors="0" timestamp="2024-06-04T13:51:57 IST">
  <testcase classname="TestSuite.Suite" name="open" time="18.629"/>
  <testcase classname="TestSuite.Suite" name="testlogo" time="3.054"/>
  <testcase classname="TestSuite.Suite" name="login" time="1.703"/>
  <testcase classname="TestNg.Test0" name="test1" time="0.004"/>
  <testcase classname="TestNg.Test0" name="test2" time="0.001"/>
  <testcase classname="TestNg.Test0" name="test3" time="0.001"/>
</testsuite> <!-- Mytest -->
