<?xml version="1.0" encoding="UTF-8"?>
<!-- Generated by org.testng.reporters.JUnitXMLReporter -->
<testsuite ignored="0" hostname="MAG" failures="1" tests="3" name="Test" time="161.379" errors="0" timestamp="2024-06-12T18:59:18 IST">
  <testcase classname="Listeners.OrangeHrm" name="testLogo" time="0.096"/>
  <testcase classname="Listeners.OrangeHrm" name="testAppUrl" time="0.018">
    <failure type="java.lang.AssertionError" message="expected [https://opensource-demo.orangehrmlive.com] but found [https://opensource-demo.orangehrmlive.com/web/index.php/auth/login]">
      <![CDATA[java.lang.AssertionError: expected [https://opensource-demo.orangehrmlive.com] but found [https://opensource-demo.orangehrmlive.com/web/index.php/auth/login]
at Listeners.OrangeHrm.testAppUrl(OrangeHrm.java:37)
at java.base/java.util.ArrayList.forEach(ArrayList.java:1511)
... Removed 33 stack frames]]>
    </failure>
  </testcase> <!-- testAppUrl -->
  <testcase classname="Listeners.OrangeHrm" name="testHomeTitle" time="0.0">
    <skipped/>
  </testcase> <!-- testHomeTitle -->
</testsuite> <!-- Test -->
